Traceback (most recent call last):
  File "C:\Users\Alvaro\anaconda3\lib\site-packages\jupyter_cache\executors\utils.py", line 58, in single_nb_execution
    executenb(
  File "C:\Users\Alvaro\anaconda3\lib\site-packages\nbclient\client.py", line 1319, in execute
    return NotebookClient(nb=nb, resources=resources, km=km, **kwargs).execute()
  File "C:\Users\Alvaro\anaconda3\lib\site-packages\jupyter_core\utils\__init__.py", line 165, in wrapped
    return loop.run_until_complete(inner)
  File "C:\Users\Alvaro\anaconda3\lib\asyncio\base_events.py", line 649, in run_until_complete
    return future.result()
  File "C:\Users\Alvaro\anaconda3\lib\site-packages\nbclient\client.py", line 709, in async_execute
    await self.async_execute_cell(
  File "C:\Users\Alvaro\anaconda3\lib\site-packages\nbclient\client.py", line 1062, in async_execute_cell
    await self._check_raise_for_error(cell, cell_index, exec_reply)
  File "C:\Users\Alvaro\anaconda3\lib\site-packages\nbclient\client.py", line 918, in _check_raise_for_error
    raise CellExecutionError.from_cell_and_msg(cell, exec_reply_content)
nbclient.exceptions.CellExecutionError: An error occurred while executing the following cell:
------------------
import chart_studio.plotly as py
import plotly.figure_factory as ff
import pandas as pd

df = pd.read_csv("https://raw.githubusercontent.com/plotly/datasets/master/school_earnings.csv")

table = ff.create_table(df)
py.iplot(table, filename='jupyter-table1')
------------------


[1;31m---------------------------------------------------------------------------[0m
[1;31mAttributeError[0m                            Traceback (most recent call last)
Cell [1;32mIn[5], line 8[0m
[0;32m      5[0m df [38;5;241m=[39m pd[38;5;241m.[39mread_csv([38;5;124m"[39m[38;5;124mhttps://raw.githubusercontent.com/plotly/datasets/master/school_earnings.csv[39m[38;5;124m"[39m)
[0;32m      7[0m table [38;5;241m=[39m ff[38;5;241m.[39mcreate_table(df)
[1;32m----> 8[0m [43mpy[49m[38;5;241;43m.[39;49m[43miplot[49m[43m([49m[43mtable[49m[43m,[49m[43m [49m[43mfilename[49m[38;5;241;43m=[39;49m[38;5;124;43m'[39;49m[38;5;124;43mjupyter-table1[39;49m[38;5;124;43m'[39;49m[43m)[49m

File [1;32m~\anaconda3\lib\site-packages\chart_studio\plotly\plotly.py:135[0m, in [0;36miplot[1;34m(figure_or_data, **plot_options)[0m
[0;32m    133[0m [38;5;28;01mif[39;00m [38;5;124m"[39m[38;5;124mauto_open[39m[38;5;124m"[39m [38;5;129;01mnot[39;00m [38;5;129;01min[39;00m plot_options:
[0;32m    134[0m     plot_options[[38;5;124m"[39m[38;5;124mauto_open[39m[38;5;124m"[39m] [38;5;241m=[39m [38;5;28;01mFalse[39;00m
[1;32m--> 135[0m url [38;5;241m=[39m plot(figure_or_data, [38;5;241m*[39m[38;5;241m*[39mplot_options)
[0;32m    137[0m [38;5;28;01mif[39;00m [38;5;28misinstance[39m(figure_or_data, [38;5;28mdict[39m):
[0;32m    138[0m     layout [38;5;241m=[39m figure_or_data[38;5;241m.[39mget([38;5;124m"[39m[38;5;124mlayout[39m[38;5;124m"[39m, {})

File [1;32m~\anaconda3\lib\site-packages\chart_studio\plotly\plotly.py:276[0m, in [0;36mplot[1;34m(figure_or_data, validate, **plot_options)[0m
[0;32m    273[0m [38;5;28;01melse[39;00m:
[0;32m    274[0m     grid_filename [38;5;241m=[39m filename [38;5;241m+[39m [38;5;124m"[39m[38;5;124m_grid[39m[38;5;124m"[39m
[1;32m--> 276[0m [43mgrid_ops[49m[38;5;241;43m.[39;49m[43mupload[49m[43m([49m
[0;32m    277[0m [43m    [49m[43mgrid[49m[38;5;241;43m=[39;49m[43mgrid[49m[43m,[49m
[0;32m    278[0m [43m    [49m[43mfilename[49m[38;5;241;43m=[39;49m[43mgrid_filename[49m[43m,[49m
[0;32m    279[0m [43m    [49m[43mworld_readable[49m[38;5;241;43m=[39;49m[43mpayload[49m[43m[[49m[38;5;124;43m"[39;49m[38;5;124;43mworld_readable[39;49m[38;5;124;43m"[39;49m[43m][49m[43m,[49m
[0;32m    280[0m [43m    [49m[43mauto_open[49m[38;5;241;43m=[39;49m[38;5;28;43;01mFalse[39;49;00m[43m,[49m
[0;32m    281[0m [43m[49m[43m)[49m
[0;32m    283[0m _set_grid_column_references(figure, grid)
[0;32m    284[0m payload[[38;5;124m"[39m[38;5;124mfigure[39m[38;5;124m"[39m] [38;5;241m=[39m figure

File [1;32m~\anaconda3\lib\site-packages\chart_studio\plotly\plotly.py:1087[0m, in [0;36mgrid_ops.upload[1;34m(cls, grid, filename, world_readable, auto_open, meta)[0m
[0;32m   1084[0m     [38;5;28;01mif[39;00m parent_path:
[0;32m   1085[0m         payload[[38;5;124m"[39m[38;5;124mparent_path[39m[38;5;124m"[39m] [38;5;241m=[39m parent_path
[1;32m-> 1087[0m file_info [38;5;241m=[39m [43m_create_or_overwrite_grid[49m[43m([49m[43mpayload[49m[43m)[49m
[0;32m   1089[0m cols [38;5;241m=[39m file_info[[38;5;124m"[39m[38;5;124mcols[39m[38;5;124m"[39m]
[0;32m   1090[0m fid [38;5;241m=[39m file_info[[38;5;124m"[39m[38;5;124mfid[39m[38;5;124m"[39m]

File [1;32m~\anaconda3\lib\site-packages\chart_studio\plotly\plotly.py:1528[0m, in [0;36m_create_or_overwrite_grid[1;34m(data, max_retries)[0m
[0;32m   1526[0m [38;5;28;01mif[39;00m filename:
[0;32m   1527[0m     [38;5;28;01mtry[39;00m:
[1;32m-> 1528[0m         lookup_res [38;5;241m=[39m [43mv2[49m[38;5;241;43m.[39;49m[43mfiles[49m[38;5;241;43m.[39;49m[43mlookup[49m[43m([49m[43mfilename[49m[43m)[49m
[0;32m   1529[0m         [38;5;28;01mif[39;00m [38;5;28misinstance[39m(lookup_res[38;5;241m.[39mcontent, [38;5;28mbytes[39m):
[0;32m   1530[0m             content [38;5;241m=[39m lookup_res[38;5;241m.[39mcontent[38;5;241m.[39mdecode([38;5;124m"[39m[38;5;124mutf-8[39m[38;5;124m"[39m)

File [1;32m~\anaconda3\lib\site-packages\chart_studio\api\v2\files.py:85[0m, in [0;36mlookup[1;34m(path, parent, user, exists)[0m
[0;32m     83[0m url [38;5;241m=[39m build_url(RESOURCE, route[38;5;241m=[39m[38;5;124m"[39m[38;5;124mlookup[39m[38;5;124m"[39m)
[0;32m     84[0m params [38;5;241m=[39m make_params(path[38;5;241m=[39mpath, parent[38;5;241m=[39mparent, user[38;5;241m=[39muser, exists[38;5;241m=[39mexists)
[1;32m---> 85[0m [38;5;28;01mreturn[39;00m [43mrequest[49m[43m([49m[38;5;124;43m"[39;49m[38;5;124;43mget[39;49m[38;5;124;43m"[39;49m[43m,[49m[43m [49m[43murl[49m[43m,[49m[43m [49m[43mparams[49m[38;5;241;43m=[39;49m[43mparams[49m[43m)[49m

File [1;32m~\anaconda3\lib\site-packages\retrying.py:56[0m, in [0;36mretry.<locals>.wrap.<locals>.wrapped_f[1;34m(*args, **kw)[0m
[0;32m     54[0m [38;5;129m@six[39m[38;5;241m.[39mwraps(f)
[0;32m     55[0m [38;5;28;01mdef[39;00m[38;5;250m [39m[38;5;21mwrapped_f[39m([38;5;241m*[39margs, [38;5;241m*[39m[38;5;241m*[39mkw):
[1;32m---> 56[0m     [38;5;28;01mreturn[39;00m Retrying([38;5;241m*[39mdargs, [38;5;241m*[39m[38;5;241m*[39mdkw)[38;5;241m.[39mcall(f, [38;5;241m*[39margs, [38;5;241m*[39m[38;5;241m*[39mkw)

File [1;32m~\anaconda3\lib\site-packages\retrying.py:257[0m, in [0;36mRetrying.call[1;34m(self, fn, *args, **kwargs)[0m
[0;32m    254[0m     attempt [38;5;241m=[39m Attempt(tb, attempt_number, [38;5;28;01mTrue[39;00m)
[0;32m    256[0m [38;5;28;01mif[39;00m [38;5;129;01mnot[39;00m [38;5;28mself[39m[38;5;241m.[39mshould_reject(attempt):
[1;32m--> 257[0m     [38;5;28;01mreturn[39;00m [43mattempt[49m[38;5;241;43m.[39;49m[43mget[49m[43m([49m[38;5;28;43mself[39;49m[38;5;241;43m.[39;49m[43m_wrap_exception[49m[43m)[49m
[0;32m    259[0m [38;5;28;01mif[39;00m [38;5;28mself[39m[38;5;241m.[39m_after_attempts:
[0;32m    260[0m     [38;5;28mself[39m[38;5;241m.[39m_after_attempts(attempt_number)

File [1;32m~\anaconda3\lib\site-packages\retrying.py:301[0m, in [0;36mAttempt.get[1;34m(self, wrap_exception)[0m
[0;32m    299[0m         [38;5;28;01mraise[39;00m RetryError([38;5;28mself[39m)
[0;32m    300[0m     [38;5;28;01melse[39;00m:
[1;32m--> 301[0m         [43msix[49m[38;5;241;43m.[39;49m[43mreraise[49m[43m([49m[38;5;28;43mself[39;49m[38;5;241;43m.[39;49m[43mvalue[49m[43m[[49m[38;5;241;43m0[39;49m[43m][49m[43m,[49m[43m [49m[38;5;28;43mself[39;49m[38;5;241;43m.[39;49m[43mvalue[49m[43m[[49m[38;5;241;43m1[39;49m[43m][49m[43m,[49m[43m [49m[38;5;28;43mself[39;49m[38;5;241;43m.[39;49m[43mvalue[49m[43m[[49m[38;5;241;43m2[39;49m[43m][49m[43m)[49m
[0;32m    302[0m [38;5;28;01melse[39;00m:
[0;32m    303[0m     [38;5;28;01mreturn[39;00m [38;5;28mself[39m[38;5;241m.[39mvalue

File [1;32m~\anaconda3\lib\site-packages\six.py:724[0m, in [0;36mreraise[1;34m(tp, value, tb)[0m
[0;32m    722[0m     [38;5;28;01mif[39;00m value[38;5;241m.[39m__traceback__ [38;5;129;01mis[39;00m [38;5;129;01mnot[39;00m tb:
[0;32m    723[0m         [38;5;28;01mraise[39;00m value[38;5;241m.[39mwith_traceback(tb)
[1;32m--> 724[0m     [38;5;28;01mraise[39;00m value
[0;32m    725[0m [38;5;28;01mfinally[39;00m:
[0;32m    726[0m     value [38;5;241m=[39m [38;5;28;01mNone[39;00m

File [1;32m~\anaconda3\lib\site-packages\retrying.py:251[0m, in [0;36mRetrying.call[1;34m(self, fn, *args, **kwargs)[0m
[0;32m    248[0m     [38;5;28mself[39m[38;5;241m.[39m_before_attempts(attempt_number)
[0;32m    250[0m [38;5;28;01mtry[39;00m:
[1;32m--> 251[0m     attempt [38;5;241m=[39m Attempt(fn([38;5;241m*[39margs, [38;5;241m*[39m[38;5;241m*[39mkwargs), attempt_number, [38;5;28;01mFalse[39;00m)
[0;32m    252[0m [38;5;28;01mexcept[39;00m:
[0;32m    253[0m     tb [38;5;241m=[39m sys[38;5;241m.[39mexc_info()

File [1;32m~\anaconda3\lib\site-packages\chart_studio\api\v2\utils.py:148[0m, in [0;36mrequest[1;34m(method, url, **kwargs)[0m
[0;32m    132[0m [38;5;129m@retry[39m(
[0;32m    133[0m     wait_exponential_multiplier[38;5;241m=[39m[38;5;241m1000[39m,
[0;32m    134[0m     wait_exponential_max[38;5;241m=[39m[38;5;241m16000[39m,
[1;32m   (...)[0m
[0;32m    137[0m )
[0;32m    138[0m [38;5;28;01mdef[39;00m[38;5;250m [39m[38;5;21mrequest[39m(method, url, [38;5;241m*[39m[38;5;241m*[39mkwargs):
[0;32m    139[0m [38;5;250m    [39m[38;5;124;03m"""[39;00m
[0;32m    140[0m [38;5;124;03m    Central place to make any api v2 api request.[39;00m
[0;32m    141[0m 
[1;32m   (...)[0m
[0;32m    146[0m 
[0;32m    147[0m [38;5;124;03m    """[39;00m
[1;32m--> 148[0m     kwargs[[38;5;124m"[39m[38;5;124mheaders[39m[38;5;124m"[39m] [38;5;241m=[39m [38;5;28mdict[39m(kwargs[38;5;241m.[39mget([38;5;124m"[39m[38;5;124mheaders[39m[38;5;124m"[39m, {}), [38;5;241m*[39m[38;5;241m*[39m[43mget_headers[49m[43m([49m[43m)[49m)
[0;32m    150[0m     [38;5;66;03m# Change boolean params to lowercase strings. E.g., `True` --> `'true'`.[39;00m
[0;32m    151[0m     [38;5;66;03m# Just change the value so that requests handles query string creation.[39;00m
[0;32m    152[0m     [38;5;28;01mif[39;00m [38;5;28misinstance[39m(kwargs[38;5;241m.[39mget([38;5;124m"[39m[38;5;124mparams[39m[38;5;124m"[39m), [38;5;28mdict[39m):

File [1;32m~\anaconda3\lib\site-packages\chart_studio\api\v2\utils.py:101[0m, in [0;36mget_headers[1;34m()[0m
[0;32m     96[0m [38;5;28;01mfrom[39;00m[38;5;250m [39m[38;5;21;01mplotly[39;00m[38;5;250m [39m[38;5;28;01mimport[39;00m version
[0;32m     98[0m creds [38;5;241m=[39m config[38;5;241m.[39mget_credentials()
[0;32m    100[0m headers [38;5;241m=[39m {
[1;32m--> 101[0m     [38;5;124m"[39m[38;5;124mplotly-client-platform[39m[38;5;124m"[39m: [38;5;124m"[39m[38;5;124mpython [39m[38;5;132;01m{}[39;00m[38;5;124m"[39m[38;5;241m.[39mformat([43mversion[49m[38;5;241;43m.[39;49m[43mstable_semver[49m()),
[0;32m    102[0m     [38;5;124m"[39m[38;5;124mcontent-type[39m[38;5;124m"[39m: [38;5;124m"[39m[38;5;124mapplication/json[39m[38;5;124m"[39m,
[0;32m    103[0m }
[0;32m    105[0m plotly_auth [38;5;241m=[39m basic_auth(creds[[38;5;124m"[39m[38;5;124musername[39m[38;5;124m"[39m], creds[[38;5;124m"[39m[38;5;124mapi_key[39m[38;5;124m"[39m])
[0;32m    106[0m proxy_auth [38;5;241m=[39m basic_auth(creds[[38;5;124m"[39m[38;5;124mproxy_username[39m[38;5;124m"[39m], creds[[38;5;124m"[39m[38;5;124mproxy_password[39m[38;5;124m"[39m])

[1;31mAttributeError[0m: 'str' object has no attribute 'stable_semver'

