Traceback (most recent call last):
  File "C:\Users\Alvaro\anaconda3\lib\site-packages\jupyter_cache\executors\utils.py", line 58, in single_nb_execution
    executenb(
  File "C:\Users\Alvaro\anaconda3\lib\site-packages\nbclient\client.py", line 1319, in execute
    return NotebookClient(nb=nb, resources=resources, km=km, **kwargs).execute()
  File "C:\Users\Alvaro\anaconda3\lib\site-packages\jupyter_core\utils\__init__.py", line 165, in wrapped
    return loop.run_until_complete(inner)
  File "C:\Users\Alvaro\anaconda3\lib\asyncio\base_events.py", line 649, in run_until_complete
    return future.result()
  File "C:\Users\Alvaro\anaconda3\lib\site-packages\nbclient\client.py", line 709, in async_execute
    await self.async_execute_cell(
  File "C:\Users\Alvaro\anaconda3\lib\site-packages\nbclient\client.py", line 1062, in async_execute_cell
    await self._check_raise_for_error(cell, cell_index, exec_reply)
  File "C:\Users\Alvaro\anaconda3\lib\site-packages\nbclient\client.py", line 918, in _check_raise_for_error
    raise CellExecutionError.from_cell_and_msg(cell, exec_reply_content)
nbclient.exceptions.CellExecutionError: An error occurred while executing the following cell:
------------------
import numpy as np
import scipy.integrate

import bokeh.io
import bokeh.plotting
bokeh.io.output_notebook()
------------------


[1;31m---------------------------------------------------------------------------[0m
[1;31mImportError[0m                               Traceback (most recent call last)
Cell [1;32mIn[2], line 2[0m
[0;32m      1[0m [38;5;28;01mimport[39;00m[38;5;250m [39m[38;5;21;01mnumpy[39;00m[38;5;250m [39m[38;5;28;01mas[39;00m[38;5;250m [39m[38;5;21;01mnp[39;00m
[1;32m----> 2[0m [38;5;28;01mimport[39;00m[38;5;250m [39m[38;5;21;01mscipy[39;00m[38;5;21;01m.[39;00m[38;5;21;01mintegrate[39;00m
[0;32m      4[0m [38;5;28;01mimport[39;00m[38;5;250m [39m[38;5;21;01mbokeh[39;00m[38;5;21;01m.[39;00m[38;5;21;01mio[39;00m
[0;32m      5[0m [38;5;28;01mimport[39;00m[38;5;250m [39m[38;5;21;01mbokeh[39;00m[38;5;21;01m.[39;00m[38;5;21;01mplotting[39;00m

File [1;32m~\anaconda3\lib\site-packages\scipy\integrate\__init__.py:91[0m
[0;32m      1[0m [38;5;124;03m"""[39;00m
[0;32m      2[0m [38;5;124;03m=============================================[39;00m
[0;32m      3[0m [38;5;124;03mIntegration and ODEs (:mod:`scipy.integrate`)[39;00m
[1;32m   (...)[0m
[0;32m     87[0m [38;5;124;03m   solve_bvp     -- Solve a boundary value problem for a system of ODEs.[39;00m
[0;32m     88[0m [38;5;124;03m"""[39;00m  [38;5;66;03m# noqa: E501[39;00m
[1;32m---> 91[0m [38;5;28;01mfrom[39;00m[38;5;250m [39m[38;5;21;01m.[39;00m[38;5;21;01m_quadrature[39;00m[38;5;250m [39m[38;5;28;01mimport[39;00m [38;5;241m*[39m
[0;32m     92[0m [38;5;28;01mfrom[39;00m[38;5;250m [39m[38;5;21;01m.[39;00m[38;5;21;01m_odepack_py[39;00m[38;5;250m [39m[38;5;28;01mimport[39;00m [38;5;241m*[39m
[0;32m     93[0m [38;5;28;01mfrom[39;00m[38;5;250m [39m[38;5;21;01m.[39;00m[38;5;21;01m_quadpack_py[39;00m[38;5;250m [39m[38;5;28;01mimport[39;00m [38;5;241m*[39m

File [1;32m~\anaconda3\lib\site-packages\scipy\integrate\_quadrature.py:14[0m
[0;32m     11[0m [38;5;66;03m# trapezoid is a public function for scipy.integrate,[39;00m
[0;32m     12[0m [38;5;66;03m# even though it's actually a NumPy function.[39;00m
[0;32m     13[0m [38;5;28;01mfrom[39;00m[38;5;250m [39m[38;5;21;01mnumpy[39;00m[38;5;250m [39m[38;5;28;01mimport[39;00m trapz [38;5;28;01mas[39;00m trapezoid
[1;32m---> 14[0m [38;5;28;01mfrom[39;00m[38;5;250m [39m[38;5;21;01mscipy[39;00m[38;5;21;01m.[39;00m[38;5;21;01mspecial[39;00m[38;5;250m [39m[38;5;28;01mimport[39;00m roots_legendre
[0;32m     15[0m [38;5;28;01mfrom[39;00m[38;5;250m [39m[38;5;21;01mscipy[39;00m[38;5;21;01m.[39;00m[38;5;21;01mspecial[39;00m[38;5;250m [39m[38;5;28;01mimport[39;00m gammaln, logsumexp
[0;32m     16[0m [38;5;28;01mfrom[39;00m[38;5;250m [39m[38;5;21;01mscipy[39;00m[38;5;21;01m.[39;00m[38;5;21;01m_lib[39;00m[38;5;21;01m.[39;00m[38;5;21;01m_util[39;00m[38;5;250m [39m[38;5;28;01mimport[39;00m _rng_spawn

File [1;32m~\anaconda3\lib\site-packages\scipy\special\__init__.py:663[0m
[0;32m      1[0m [38;5;124;03m"""[39;00m
[0;32m      2[0m [38;5;124;03m========================================[39;00m
[0;32m      3[0m [38;5;124;03mSpecial functions (:mod:`scipy.special`)[39;00m
[1;32m   (...)[0m
[0;32m    658[0m 
[0;32m    659[0m [38;5;124;03m"""[39;00m
[0;32m    661[0m [38;5;28;01mfrom[39;00m[38;5;250m [39m[38;5;21;01m.[39;00m[38;5;21;01m_sf_error[39;00m[38;5;250m [39m[38;5;28;01mimport[39;00m SpecialFunctionWarning, SpecialFunctionError
[1;32m--> 663[0m [38;5;28;01mfrom[39;00m[38;5;250m [39m[38;5;21;01m.[39;00m[38;5;250m [39m[38;5;28;01mimport[39;00m _ufuncs
[0;32m    664[0m [38;5;28;01mfrom[39;00m[38;5;250m [39m[38;5;21;01m.[39;00m[38;5;21;01m_ufuncs[39;00m[38;5;250m [39m[38;5;28;01mimport[39;00m [38;5;241m*[39m
[0;32m    666[0m [38;5;28;01mfrom[39;00m[38;5;250m [39m[38;5;21;01m.[39;00m[38;5;250m [39m[38;5;28;01mimport[39;00m _basic

[1;31mImportError[0m: DLL load failed while importing _ufuncs: The specified module could not be found.

