Traceback (most recent call last):
  File "C:\Users\Alvaro\anaconda3\lib\site-packages\jupyter_cache\executors\utils.py", line 58, in single_nb_execution
    executenb(
  File "C:\Users\Alvaro\anaconda3\lib\site-packages\nbclient\client.py", line 1319, in execute
    return NotebookClient(nb=nb, resources=resources, km=km, **kwargs).execute()
  File "C:\Users\Alvaro\anaconda3\lib\site-packages\jupyter_core\utils\__init__.py", line 165, in wrapped
    return loop.run_until_complete(inner)
  File "C:\Users\Alvaro\anaconda3\lib\asyncio\base_events.py", line 649, in run_until_complete
    return future.result()
  File "C:\Users\Alvaro\anaconda3\lib\site-packages\nbclient\client.py", line 709, in async_execute
    await self.async_execute_cell(
  File "C:\Users\Alvaro\anaconda3\lib\site-packages\nbclient\client.py", line 1062, in async_execute_cell
    await self._check_raise_for_error(cell, cell_index, exec_reply)
  File "C:\Users\Alvaro\anaconda3\lib\site-packages\nbclient\client.py", line 918, in _check_raise_for_error
    raise CellExecutionError.from_cell_and_msg(cell, exec_reply_content)
nbclient.exceptions.CellExecutionError: An error occurred while executing the following cell:
------------------
# https://dash.plotly.com/dash-core-components/upload

from dash import Dash, dcc, html, dash_table, Input, Output, State, callback

import base64
import datetime
import io

import pandas as pd

external_stylesheets = ['https://codepen.io/chriddyp/pen/bWLwgP.css']

app = Dash(__name__, external_stylesheets=external_stylesheets)
DH = None
app.layout = html.Div([
    dcc.Upload(
        id='upload-data',
        children=html.Div([
            'Drag and Drop or ',
            html.A('Select Files')
        ]),
        style={
            'width': '99%',
            'height': '60px',
            'lineHeight': '60px',
            'borderWidth': '1px',
            'borderStyle': 'dashed',
            'borderRadius': '5px',
            'textAlign': 'center',
            'margin': '10px'
        },
        # Allow multiple files to be uploaded
        multiple=True
    ),
    html.Div(id='output-data-upload'),
])

def parse_contents(contents, filename, date):
    content_type, content_string = contents.split(',')

    decoded = base64.b64decode(content_string)
    try:
        global DH
        if 'csv' in filename:
            # Assume that the user uploaded a CSV file
            DH = pd.read_csv(
                io.StringIO(decoded.decode('latin1')))
        elif 'xls' in filename:
            # Assume that the user uploaded an excel file
            DH = pd.read_excel(io.BytesIO(decoded), encoding='latin1')
    except Exception as e:
        print(e)
        return html.Div([
            'There was an error processing this file.'
        ])

    return html.Div([
        html.H5(filename),
        html.H6(datetime.datetime.fromtimestamp(date)),

        dash_table.DataTable(data=DH[0:10].to_dict('records'),
                            style_cell=dict(textAlign='left'),
                            style_header=dict(backgroundColor="paleturquoise"),
                            style_data=dict(backgroundColor="lavender")
                            , page_size=10),

        html.Hr(),  # horizontal line)
    ])

@callback(Output('output-data-upload', 'children'),
              Input('upload-data', 'contents'),
              State('upload-data', 'filename'),
              State('upload-data', 'last_modified'))
def update_output(list_of_contents, list_of_names, list_of_dates):
    if list_of_contents is not None:
        children = [
            parse_contents(c, n, d) for c, n, d in
            zip(list_of_contents, list_of_names, list_of_dates)]
        return children


app.run()
------------------


[1;31m---------------------------------------------------------------------------[0m
[1;31mOSError[0m                                   Traceback (most recent call last)
Cell [1;32mIn[3], line 82[0m
[0;32m     76[0m         children [38;5;241m=[39m [
[0;32m     77[0m             parse_contents(c, n, d) [38;5;28;01mfor[39;00m c, n, d [38;5;129;01min[39;00m
[0;32m     78[0m             [38;5;28mzip[39m(list_of_contents, list_of_names, list_of_dates)]
[0;32m     79[0m         [38;5;28;01mreturn[39;00m children
[1;32m---> 82[0m [43mapp[49m[38;5;241;43m.[39;49m[43mrun[49m[43m([49m[43m)[49m

File [1;32m~\anaconda3\lib\site-packages\dash\dash.py:2173[0m, in [0;36mDash.run[1;34m(self, host, port, proxy, debug, jupyter_mode, jupyter_width, jupyter_height, jupyter_server_url, dev_tools_ui, dev_tools_props_check, dev_tools_serve_dev_bundles, dev_tools_hot_reload, dev_tools_hot_reload_interval, dev_tools_hot_reload_watch_interval, dev_tools_hot_reload_max_retry, dev_tools_silence_routes_logging, dev_tools_prune_errors, **flask_run_options)[0m
[0;32m   2170[0m             extra_files[38;5;241m.[39mappend(path)
[0;32m   2172[0m [38;5;28;01mif[39;00m jupyter_dash[38;5;241m.[39mactive:
[1;32m-> 2173[0m     [43mjupyter_dash[49m[38;5;241;43m.[39;49m[43mrun_app[49m[43m([49m
[0;32m   2174[0m [43m        [49m[38;5;28;43mself[39;49m[43m,[49m
[0;32m   2175[0m [43m        [49m[43mmode[49m[38;5;241;43m=[39;49m[43mjupyter_mode[49m[43m,[49m
[0;32m   2176[0m [43m        [49m[43mwidth[49m[38;5;241;43m=[39;49m[43mjupyter_width[49m[43m,[49m
[0;32m   2177[0m [43m        [49m[43mheight[49m[38;5;241;43m=[39;49m[43mjupyter_height[49m[43m,[49m
[0;32m   2178[0m [43m        [49m[43mhost[49m[38;5;241;43m=[39;49m[43mhost[49m[43m,[49m
[0;32m   2179[0m [43m        [49m[43mport[49m[38;5;241;43m=[39;49m[43mport[49m[43m,[49m
[0;32m   2180[0m [43m        [49m[43mserver_url[49m[38;5;241;43m=[39;49m[43mjupyter_server_url[49m[43m,[49m
[0;32m   2181[0m [43m    [49m[43m)[49m
[0;32m   2182[0m [38;5;28;01melse[39;00m:
[0;32m   2183[0m     [38;5;28mself[39m[38;5;241m.[39mserver[38;5;241m.[39mrun(host[38;5;241m=[39mhost, port[38;5;241m=[39mport, debug[38;5;241m=[39mdebug, [38;5;241m*[39m[38;5;241m*[39mflask_run_options)

File [1;32m~\anaconda3\lib\site-packages\dash\_jupyter.py:405[0m, in [0;36mJupyterDash.run_app[1;34m(self, app, mode, width, height, host, port, server_url)[0m
[0;32m    403[0m     display(HTML(msg))
[0;32m    404[0m [38;5;28;01melse[39;00m:
[1;32m--> 405[0m     [38;5;28;01mraise[39;00m final_error

File [1;32m~\anaconda3\lib\site-packages\dash\_jupyter.py:392[0m, in [0;36mJupyterDash.run_app[1;34m(self, app, mode, width, height, host, port, server_url)[0m
[0;32m    389[0m         [38;5;28;01mraise[39;00m err
[0;32m    391[0m [38;5;28;01mtry[39;00m:
[1;32m--> 392[0m     [43mwait_for_app[49m[43m([49m[43m)[49m
[0;32m    394[0m     [38;5;28;01mif[39;00m [38;5;28mself[39m[38;5;241m.[39min_colab:
[0;32m    395[0m         JupyterDash[38;5;241m.[39m_display_in_colab(dashboard_url, port, mode, width, height)

File [1;32m~\anaconda3\lib\site-packages\retrying.py:56[0m, in [0;36mretry.<locals>.wrap.<locals>.wrapped_f[1;34m(*args, **kw)[0m
[0;32m     54[0m [38;5;129m@six[39m[38;5;241m.[39mwraps(f)
[0;32m     55[0m [38;5;28;01mdef[39;00m[38;5;250m [39m[38;5;21mwrapped_f[39m([38;5;241m*[39margs, [38;5;241m*[39m[38;5;241m*[39mkw):
[1;32m---> 56[0m     [38;5;28;01mreturn[39;00m Retrying([38;5;241m*[39mdargs, [38;5;241m*[39m[38;5;241m*[39mdkw)[38;5;241m.[39mcall(f, [38;5;241m*[39margs, [38;5;241m*[39m[38;5;241m*[39mkw)

File [1;32m~\anaconda3\lib\site-packages\retrying.py:266[0m, in [0;36mRetrying.call[1;34m(self, fn, *args, **kwargs)[0m
[0;32m    263[0m [38;5;28;01mif[39;00m [38;5;28mself[39m[38;5;241m.[39mstop(attempt_number, delay_since_first_attempt_ms):
[0;32m    264[0m     [38;5;28;01mif[39;00m [38;5;129;01mnot[39;00m [38;5;28mself[39m[38;5;241m.[39m_wrap_exception [38;5;129;01mand[39;00m attempt[38;5;241m.[39mhas_exception:
[0;32m    265[0m         [38;5;66;03m# get() on an attempt with an exception should cause it to be raised, but raise just in case[39;00m
[1;32m--> 266[0m         [38;5;28;01mraise[39;00m [43mattempt[49m[38;5;241;43m.[39;49m[43mget[49m[43m([49m[43m)[49m
[0;32m    267[0m     [38;5;28;01melse[39;00m:
[0;32m    268[0m         [38;5;28;01mraise[39;00m RetryError(attempt)

File [1;32m~\anaconda3\lib\site-packages\retrying.py:301[0m, in [0;36mAttempt.get[1;34m(self, wrap_exception)[0m
[0;32m    299[0m         [38;5;28;01mraise[39;00m RetryError([38;5;28mself[39m)
[0;32m    300[0m     [38;5;28;01melse[39;00m:
[1;32m--> 301[0m         [43msix[49m[38;5;241;43m.[39;49m[43mreraise[49m[43m([49m[38;5;28;43mself[39;49m[38;5;241;43m.[39;49m[43mvalue[49m[43m[[49m[38;5;241;43m0[39;49m[43m][49m[43m,[49m[43m [49m[38;5;28;43mself[39;49m[38;5;241;43m.[39;49m[43mvalue[49m[43m[[49m[38;5;241;43m1[39;49m[43m][49m[43m,[49m[43m [49m[38;5;28;43mself[39;49m[38;5;241;43m.[39;49m[43mvalue[49m[43m[[49m[38;5;241;43m2[39;49m[43m][49m[43m)[49m
[0;32m    302[0m [38;5;28;01melse[39;00m:
[0;32m    303[0m     [38;5;28;01mreturn[39;00m [38;5;28mself[39m[38;5;241m.[39mvalue

File [1;32m~\anaconda3\lib\site-packages\six.py:724[0m, in [0;36mreraise[1;34m(tp, value, tb)[0m
[0;32m    722[0m     [38;5;28;01mif[39;00m value[38;5;241m.[39m__traceback__ [38;5;129;01mis[39;00m [38;5;129;01mnot[39;00m tb:
[0;32m    723[0m         [38;5;28;01mraise[39;00m value[38;5;241m.[39mwith_traceback(tb)
[1;32m--> 724[0m     [38;5;28;01mraise[39;00m value
[0;32m    725[0m [38;5;28;01mfinally[39;00m:
[0;32m    726[0m     value [38;5;241m=[39m [38;5;28;01mNone[39;00m

File [1;32m~\anaconda3\lib\site-packages\retrying.py:251[0m, in [0;36mRetrying.call[1;34m(self, fn, *args, **kwargs)[0m
[0;32m    248[0m     [38;5;28mself[39m[38;5;241m.[39m_before_attempts(attempt_number)
[0;32m    250[0m [38;5;28;01mtry[39;00m:
[1;32m--> 251[0m     attempt [38;5;241m=[39m Attempt(fn([38;5;241m*[39margs, [38;5;241m*[39m[38;5;241m*[39mkwargs), attempt_number, [38;5;28;01mFalse[39;00m)
[0;32m    252[0m [38;5;28;01mexcept[39;00m:
[0;32m    253[0m     tb [38;5;241m=[39m sys[38;5;241m.[39mexc_info()

File [1;32m~\anaconda3\lib\site-packages\dash\_jupyter.py:383[0m, in [0;36mJupyterDash.run_app.<locals>.wait_for_app[1;34m()[0m
[0;32m    381[0m     [38;5;28;01mif[39;00m res [38;5;241m!=[39m [38;5;124m"[39m[38;5;124mAlive[39m[38;5;124m"[39m:
[0;32m    382[0m         url [38;5;241m=[39m [38;5;124mf[39m[38;5;124m"[39m[38;5;124mhttp://[39m[38;5;132;01m{[39;00mhost[38;5;132;01m}[39;00m[38;5;124m:[39m[38;5;132;01m{[39;00mport[38;5;132;01m}[39;00m[38;5;124m"[39m
[1;32m--> 383[0m         [38;5;28;01mraise[39;00m [38;5;167;01mOSError[39;00m(
[0;32m    384[0m             [38;5;124mf[39m[38;5;124m"[39m[38;5;124mAddress [39m[38;5;124m'[39m[38;5;132;01m{[39;00murl[38;5;132;01m}[39;00m[38;5;124m'[39m[38;5;124m already in use.[39m[38;5;130;01m\n[39;00m[38;5;124m"[39m
[0;32m    385[0m             [38;5;124m"[39m[38;5;124m    Try passing a different port to run_server.[39m[38;5;124m"[39m
[0;32m    386[0m         )
[0;32m    387[0m [38;5;28;01mexcept[39;00m requests[38;5;241m.[39mConnectionError [38;5;28;01mas[39;00m err:
[0;32m    388[0m     _get_error()

[1;31mOSError[0m: Address 'http://127.0.0.1:8050' already in use.
    Try passing a different port to run_server.

